g:\workdir\featureone\bin_featureone\featureone.bsc
g:\workdir\featureone\featureone\featurecollector2009\release\vc120.pdb
g:\workdir\featureone\featureone\featurecollector2009\x64\release\accubox.sbr
g:\workdir\featureone\featureone\featurecollector2009\x64\release\accudlg.sbr
g:\workdir\featureone\featureone\featurecollector2009\x64\release\arcgismdbcodetab.sbr
g:\workdir\featureone\featureone\featurecollector2009\x64\release\association.sbr
g:\workdir\featureone\featureone\featurecollector2009\x64\release\atomlistctrl.sbr
g:\workdir\featureone\featureone\featurecollector2009\x64\release\baseview.sbr
g:\workdir\featureone\featureone\featurecollector2009\x64\release\checkexprop.sbr
g:\workdir\featureone\featureone\featurecollector2009\x64\release\checkresultviewbar.sbr
g:\workdir\featureone\featureone\featurecollector2009\x64\release\checkscheme.sbr
g:\workdir\featureone\featureone\featurecollector2009\x64\release\checkschemeviewbar.sbr
g:\workdir\featureone\featureone\featurecollector2009\x64\release\childfrm.sbr
g:\workdir\featureone\featureone\featurecollector2009\x64\release\chkcmd.sbr
g:\workdir\featureone\featureone\featurecollector2009\x64\release\classtreewnd.sbr
g:\workdir\featureone\featureone\featurecollector2009\x64\release\cmychiletter.sbr
g:\workdir\featureone\featureone\featurecollector2009\x64\release\collectiontreectrl.sbr
g:\workdir\featureone\featureone\featurecollector2009\x64\release\collectionviewbar.sbr
g:\workdir\featureone\featureone\featurecollector2009\x64\release\colorcombobox.sbr
g:\workdir\featureone\featureone\featurecollector2009\x64\release\colordialogex.sbr
g:\workdir\featureone\featureone\featurecollector2009\x64\release\coloredlistctrl.sbr
g:\workdir\featureone\featureone\featurecollector2009\x64\release\combindlg.sbr
g:\workdir\featureone\featureone\featurecollector2009\release\combindlg.obj
g:\workdir\featureone\featureone\featurecollector2009\release\coloredlistctrl.obj
g:\workdir\featureone\featureone\featurecollector2009\release\colordialogex.obj
g:\workdir\featureone\featureone\featurecollector2009\release\colorcombobox.obj
g:\workdir\featureone\featureone\featurecollector2009\release\collectionviewbar.obj
g:\workdir\featureone\featureone\featurecollector2009\release\collectiontreectrl.obj
g:\workdir\featureone\featureone\featurecollector2009\release\cmychiletter.obj
g:\workdir\featureone\featureone\featurecollector2009\release\classtreewnd.obj
g:\workdir\featureone\featureone\featurecollector2009\release\chkcmd.obj
g:\workdir\featureone\featureone\featurecollector2009\release\childfrm.obj
g:\workdir\featureone\featureone\featurecollector2009\release\checkschemeviewbar.obj
g:\workdir\featureone\featureone\featurecollector2009\release\checkscheme.obj
g:\workdir\featureone\featureone\featurecollector2009\release\checkresultviewbar.obj
g:\workdir\featureone\featureone\featurecollector2009\release\checkexprop.obj
g:\workdir\featureone\featureone\featurecollector2009\release\baseview.obj
g:\workdir\featureone\featureone\featurecollector2009\release\atomlistctrl.obj
g:\workdir\featureone\featureone\featurecollector2009\release\association.obj
g:\workdir\featureone\featureone\featurecollector2009\release\arcgismdbcodetab.obj
g:\workdir\featureone\featureone\featurecollector2009\release\accudlg.obj
g:\workdir\featureone\featureone\featurecollector2009\release\accubox.obj
g:\workdir\featureone\featureone\featurecollector2009\x64\release\combolistctrl.sbr
g:\workdir\featureone\featureone\featurecollector2009\x64\release\commandlidar.sbr
g:\workdir\featureone\featureone\featurecollector2009\x64\release\commoncallstation.sbr
g:\workdir\featureone\featureone\featurecollector2009\x64\release\conditionselect.sbr
g:\workdir\featureone\featureone\featurecollector2009\x64\release\container.sbr
g:\workdir\featureone\featureone\featurecollector2009\x64\release\convertcoords.sbr
g:\workdir\featureone\featureone\featurecollector2009\x64\release\customizekey.sbr
g:\workdir\featureone\featureone\featurecollector2009\x64\release\deletecommonsidedlg.sbr
g:\workdir\featureone\featureone\featurecollector2009\x64\release\dlgaddmapsheet.sbr
g:\workdir\featureone\featureone\featurecollector2009\x64\release\dlgangbisectorsetting.sbr
g:\workdir\featureone\featureone\featurecollector2009\x64\release\dlgannotationsetting.sbr
g:\workdir\featureone\featureone\featurecollector2009\x64\release\dlgannotip.sbr
g:\workdir\featureone\featureone\featurecollector2009\x64\release\dlgbatexportmaps.sbr
g:\workdir\featureone\featureone\featurecollector2009\x64\release\dlgbuilddem.sbr
g:\workdir\featureone\featureone\featurecollector2009\x64\release\dlgcefmaintoolbar.sbr
g:\workdir\featureone\featureone\featurecollector2009\x64\release\dlgcefmintoolbar.sbr
g:\workdir\featureone\featureone\featurecollector2009\x64\release\dlgceftoolbox.sbr
g:\workdir\featureone\featureone\featurecollector2009\x64\release\dlgcelldefcopy.sbr
g:\workdir\featureone\featureone\featurecollector2009\x64\release\dlgcelldeflinetypeview.sbr
g:\workdir\featureone\featureone\featurecollector2009\x64\release\dlgcelldefview.sbr
g:\workdir\featureone\featureone\featurecollector2009\release\dlgcelldefview.obj
g:\workdir\featureone\featureone\featurecollector2009\release\dlgcelldeflinetypeview.obj
g:\workdir\featureone\featureone\featurecollector2009\release\dlgcelldefcopy.obj
g:\workdir\featureone\featureone\featurecollector2009\release\dlgceftoolbox.obj
g:\workdir\featureone\featureone\featurecollector2009\release\dlgcefmintoolbar.obj
g:\workdir\featureone\featureone\featurecollector2009\release\dlgcefmaintoolbar.obj
g:\workdir\featureone\featureone\featurecollector2009\release\dlgbuilddem.obj
g:\workdir\featureone\featureone\featurecollector2009\release\dlgbatexportmaps.obj
g:\workdir\featureone\featureone\featurecollector2009\release\dlgannotip.obj
g:\workdir\featureone\featureone\featurecollector2009\release\dlgannotationsetting.obj
g:\workdir\featureone\featureone\featurecollector2009\release\dlgangbisectorsetting.obj
g:\workdir\featureone\featureone\featurecollector2009\release\dlgaddmapsheet.obj
g:\workdir\featureone\featureone\featurecollector2009\release\deletecommonsidedlg.obj
g:\workdir\featureone\featureone\featurecollector2009\release\customizekey.obj
g:\workdir\featureone\featureone\featurecollector2009\release\convertcoords.obj
g:\workdir\featureone\featureone\featurecollector2009\release\container.obj
g:\workdir\featureone\featureone\featurecollector2009\release\conditionselect.obj
g:\workdir\featureone\featureone\featurecollector2009\release\commoncallstation.obj
g:\workdir\featureone\featureone\featurecollector2009\release\commandlidar.obj
g:\workdir\featureone\featureone\featurecollector2009\release\combolistctrl.obj
g:\workdir\featureone\featureone\featurecollector2009\x64\release\dlgcellhatchsetting.sbr
g:\workdir\featureone\featureone\featurecollector2009\x64\release\dlgcelllinesetting.sbr
g:\workdir\featureone\featureone\featurecollector2009\x64\release\dlgcelloverlaygrid.sbr
g:\workdir\featureone\featureone\featurecollector2009\x64\release\dlgcellsetting.sbr
g:\workdir\featureone\featureone\featurecollector2009\x64\release\dlgchangefcode.sbr
g:\workdir\featureone\featureone\featurecollector2009\x64\release\dlgchecklist.sbr
g:\workdir\featureone\featureone\featurecollector2009\x64\release\dlgchecksuspendpoints.sbr
g:\workdir\featureone\featureone\featurecollector2009\x64\release\dlgchkconfig.sbr
g:\workdir\featureone\featureone\featurecollector2009\x64\release\dlgchkptslist.sbr
g:\workdir\featureone\featureone\featurecollector2009\x64\release\dlgchoosemp.sbr
g:\workdir\featureone\featureone\featurecollector2009\x64\release\dlgclearlinetype.sbr
g:\workdir\featureone\featureone\featurecollector2009\x64\release\dlgcolorhatchsetting.sbr
g:\workdir\featureone\featureone\featurecollector2009\x64\release\dlgcolorlayout.sbr
g:\workdir\featureone\featureone\featurecollector2009\x64\release\dlgcolors.sbr
g:\workdir\featureone\featureone\featurecollector2009\x64\release\dlgcommand.sbr
g:\workdir\featureone\featureone\featurecollector2009\x64\release\dlgcommand2.sbr
g:\workdir\featureone\featureone\featurecollector2009\x64\release\dlgcommand_part1.sbr
g:\workdir\featureone\featureone\featurecollector2009\x64\release\dlgcommand_part2.sbr
g:\workdir\featureone\featureone\featurecollector2009\x64\release\dlgcommand_part3.sbr
g:\workdir\featureone\featureone\featurecollector2009\x64\release\dlgconditioncolorhatch.sbr
g:\workdir\featureone\featureone\featurecollector2009\release\dlgconditioncolorhatch.obj
g:\workdir\featureone\featureone\featurecollector2009\release\dlgcommand_part3.obj
g:\workdir\featureone\featureone\featurecollector2009\release\dlgcommand_part2.obj
g:\workdir\featureone\featureone\featurecollector2009\release\dlgcommand_part1.obj
g:\workdir\featureone\featureone\featurecollector2009\release\dlgcommand2.obj
g:\workdir\featureone\featureone\featurecollector2009\release\dlgcommand.obj
g:\workdir\featureone\featureone\featurecollector2009\release\dlgcolors.obj
g:\workdir\featureone\featureone\featurecollector2009\release\dlgcolorlayout.obj
g:\workdir\featureone\featureone\featurecollector2009\release\dlgcolorhatchsetting.obj
g:\workdir\featureone\featureone\featurecollector2009\release\dlgclearlinetype.obj
g:\workdir\featureone\featureone\featurecollector2009\release\dlgchoosemp.obj
g:\workdir\featureone\featureone\featurecollector2009\release\dlgchkptslist.obj
g:\workdir\featureone\featureone\featurecollector2009\release\dlgchkconfig.obj
g:\workdir\featureone\featureone\featurecollector2009\release\dlgchecksuspendpoints.obj
g:\workdir\featureone\featureone\featurecollector2009\release\dlgchecklist.obj
g:\workdir\featureone\featureone\featurecollector2009\release\dlgchangefcode.obj
g:\workdir\featureone\featureone\featurecollector2009\release\dlgcellsetting.obj
g:\workdir\featureone\featureone\featurecollector2009\release\dlgcelloverlaygrid.obj
g:\workdir\featureone\featureone\featurecollector2009\release\dlgcelllinesetting.obj
g:\workdir\featureone\featureone\featurecollector2009\release\dlgcellhatchsetting.obj
g:\workdir\featureone\featureone\featurecollector2009\x64\release\dlgconditionselect.sbr
g:\workdir\featureone\featureone\featurecollector2009\x64\release\dlgconditionselectconfig.sbr
g:\workdir\featureone\featureone\featurecollector2009\x64\release\dlgconditionselectprop.sbr
g:\workdir\featureone\featureone\featurecollector2009\x64\release\dlgconnectdb.sbr
g:\workdir\featureone\featureone\featurecollector2009\x64\release\dlgconvertbypts.sbr
g:\workdir\featureone\featureone\featurecollector2009\x64\release\dlgconvertcoordsys.sbr
g:\workdir\featureone\featureone\featurecollector2009\x64\release\dlgconvertphoto.sbr
g:\workdir\featureone\featureone\featurecollector2009\x64\release\dlgcreatecontours.sbr
g:\workdir\featureone\featureone\featurecollector2009\x64\release\dlgcreatecontours1.sbr
g:\workdir\featureone\featureone\featurecollector2009\x64\release\dlgculvertsurfacesetting.sbr
g:\workdir\featureone\featureone\featurecollector2009\x64\release\dlgdashlinesetting.sbr
g:\workdir\featureone\featureone\featurecollector2009\x64\release\dlgdatasource.sbr
g:\workdir\featureone\featureone\featurecollector2009\x64\release\dlgdatatransform.sbr
g:\workdir\featureone\featureone\featurecollector2009\x64\release\dlgdeletesame.sbr
g:\workdir\featureone\featureone\featurecollector2009\x64\release\dlgdetectresult.sbr
g:\workdir\featureone\featureone\featurecollector2009\x64\release\dlgdiagonalsetting.sbr
g:\workdir\featureone\featureone\featurecollector2009\x64\release\dlgdisplaycontoursspecially.sbr
g:\workdir\featureone\featureone\featurecollector2009\x64\release\dlgedittext.sbr
g:\workdir\featureone\featureone\featurecollector2009\x64\release\dlgexportarcgismdb.sbr
g:\workdir\featureone\featureone\featurecollector2009\x64\release\dlgexportasc.sbr
g:\workdir\featureone\featureone\featurecollector2009\release\dlgexportasc.obj
g:\workdir\featureone\featureone\featurecollector2009\release\dlgexportarcgismdb.obj
g:\workdir\featureone\featureone\featurecollector2009\release\dlgedittext.obj
g:\workdir\featureone\featureone\featurecollector2009\release\dlgdisplaycontoursspecially.obj
g:\workdir\featureone\featureone\featurecollector2009\release\dlgdiagonalsetting.obj
g:\workdir\featureone\featureone\featurecollector2009\release\dlgdetectresult.obj
g:\workdir\featureone\featureone\featurecollector2009\release\dlgdeletesame.obj
g:\workdir\featureone\featureone\featurecollector2009\release\dlgdatatransform.obj
g:\workdir\featureone\featureone\featurecollector2009\release\dlgdatasource.obj
g:\workdir\featureone\featureone\featurecollector2009\release\dlgdashlinesetting.obj
g:\workdir\featureone\featureone\featurecollector2009\release\dlgculvertsurfacesetting.obj
g:\workdir\featureone\featureone\featurecollector2009\release\dlgcreatecontours1.obj
g:\workdir\featureone\featureone\featurecollector2009\release\dlgcreatecontours.obj
g:\workdir\featureone\featureone\featurecollector2009\release\dlgconvertphoto.obj
g:\workdir\featureone\featureone\featurecollector2009\release\dlgconvertcoordsys.obj
g:\workdir\featureone\featureone\featurecollector2009\release\dlgconvertbypts.obj
g:\workdir\featureone\featureone\featurecollector2009\release\dlgconnectdb.obj
g:\workdir\featureone\featureone\featurecollector2009\release\dlgconditionselectprop.obj
g:\workdir\featureone\featureone\featurecollector2009\release\dlgconditionselectconfig.obj
g:\workdir\featureone\featureone\featurecollector2009\release\dlgconditionselect.obj
g:\workdir\featureone\featureone\featurecollector2009\x64\release\dlgexportcas.sbr
g:\workdir\featureone\featureone\featurecollector2009\x64\release\dlgexportcodetable.sbr
g:\workdir\featureone\featureone\featurecollector2009\x64\release\dlgexportcodetabtemp.sbr
g:\workdir\featureone\featureone\featurecollector2009\x64\release\dlgexportdgn.sbr
g:\workdir\featureone\featureone\featurecollector2009\x64\release\dlgexportdxf.sbr
g:\workdir\featureone\featureone\featurecollector2009\x64\release\dlgexporte00.sbr
g:\workdir\featureone\featureone\featurecollector2009\x64\release\dlgexporteps.sbr
g:\workdir\featureone\featureone\featurecollector2009\x64\release\dlgexportfdb.sbr
g:\workdir\featureone\featureone\featurecollector2009\x64\release\dlgexportjb.sbr
g:\workdir\featureone\featureone\featurecollector2009\x64\release\dlgexportmapstartext.sbr
g:\workdir\featureone\featureone\featurecollector2009\x64\release\dlgexportmodel.sbr
g:\workdir\featureone\featureone\featurecollector2009\x64\release\dlgexportraster.sbr
g:\workdir\featureone\featureone\featurecollector2009\x64\release\dlgexportraterstereo.sbr
g:\workdir\featureone\featureone\featurecollector2009\x64\release\dlgexportshp.sbr
g:\workdir\featureone\featureone\featurecollector2009\x64\release\dlgextproperties.sbr
g:\workdir\featureone\featureone\featurecollector2009\x64\release\dlgfilterselect.sbr
g:\workdir\featureone\featureone\featurecollector2009\x64\release\dlgimportcodetable.sbr
g:\workdir\featureone\featureone\featurecollector2009\x64\release\dlgimportctrlpts.sbr
g:\workdir\featureone\featureone\featurecollector2009\x64\release\dlgimportdgn.sbr
g:\workdir\featureone\featureone\featurecollector2009\x64\release\dlgimportdxf.sbr
g:\workdir\featureone\featureone\featurecollector2009\release\dlgimportdxf.obj
g:\workdir\featureone\featureone\featurecollector2009\release\dlgimportdgn.obj
g:\workdir\featureone\featureone\featurecollector2009\release\dlgimportctrlpts.obj
g:\workdir\featureone\featureone\featurecollector2009\release\dlgimportcodetable.obj
g:\workdir\featureone\featureone\featurecollector2009\release\dlgfilterselect.obj
g:\workdir\featureone\featureone\featurecollector2009\release\dlgextproperties.obj
g:\workdir\featureone\featureone\featurecollector2009\release\dlgexportshp.obj
g:\workdir\featureone\featureone\featurecollector2009\release\dlgexportraterstereo.obj
g:\workdir\featureone\featureone\featurecollector2009\release\dlgexportraster.obj
g:\workdir\featureone\featureone\featurecollector2009\release\dlgexportmodel.obj
g:\workdir\featureone\featureone\featurecollector2009\release\dlgexportmapstartext.obj
g:\workdir\featureone\featureone\featurecollector2009\release\dlgexportjb.obj
g:\workdir\featureone\featureone\featurecollector2009\release\dlgexportfdb.obj
g:\workdir\featureone\featureone\featurecollector2009\release\dlgexporteps.obj
g:\workdir\featureone\featureone\featurecollector2009\release\dlgexporte00.obj
g:\workdir\featureone\featureone\featurecollector2009\release\dlgexportdxf.obj
g:\workdir\featureone\featureone\featurecollector2009\release\dlgexportdgn.obj
g:\workdir\featureone\featureone\featurecollector2009\release\dlgexportcodetabtemp.obj
g:\workdir\featureone\featureone\featurecollector2009\release\dlgexportcodetable.obj
g:\workdir\featureone\featureone\featurecollector2009\release\dlgexportcas.obj
g:\workdir\featureone\featureone\featurecollector2009\x64\release\dlgimporte00.sbr
g:\workdir\featureone\featureone\featurecollector2009\x64\release\dlgimporteps.sbr
g:\workdir\featureone\featureone\featurecollector2009\x64\release\dlgimportfdb.sbr
g:\workdir\featureone\featureone\featurecollector2009\x64\release\dlgimportjb.sbr
g:\workdir\featureone\featureone\featurecollector2009\x64\release\dlgimportmdb.sbr
g:\workdir\featureone\featureone\featurecollector2009\x64\release\dlgimportshp.sbr
g:\workdir\featureone\featureone\featurecollector2009\x64\release\dlgimportvvt.sbr
g:\workdir\featureone\featureone\featurecollector2009\x64\release\dlgimportxyz.sbr
g:\workdir\featureone\featureone\featurecollector2009\x64\release\dlginputcode.sbr
g:\workdir\featureone\featureone\featurecollector2009\x64\release\dlginputcommand.sbr
g:\workdir\featureone\featureone\featurecollector2009\x64\release\dlginputdata.sbr
g:\workdir\featureone\featureone\featurecollector2009\x64\release\dlginputname.sbr
g:\workdir\featureone\featureone\featurecollector2009\x64\release\dlginputstr.sbr
g:\workdir\featureone\featureone\featurecollector2009\x64\release\dlglayercodecheck.sbr
g:\workdir\featureone\featureone\featurecollector2009\x64\release\dlglinefillsetting.sbr
g:\workdir\featureone\featureone\featurecollector2009\x64\release\dlgmakecheckptsample.sbr
g:\workdir\featureone\featureone\featurecollector2009\x64\release\dlgmakecheckptsamplebatch.sbr
g:\workdir\featureone\featureone\featurecollector2009\x64\release\dlgmapinfo.sbr
g:\workdir\featureone\featureone\featurecollector2009\x64\release\dlgmarkiconssetting.sbr
g:\workdir\featureone\featureone\featurecollector2009\x64\release\dlgmessagebox.sbr
g:\workdir\featureone\featureone\featurecollector2009\release\dlgmessagebox.obj
g:\workdir\featureone\featureone\featurecollector2009\release\dlgmarkiconssetting.obj
g:\workdir\featureone\featureone\featurecollector2009\release\dlgmapinfo.obj
g:\workdir\featureone\featureone\featurecollector2009\release\dlgmakecheckptsamplebatch.obj
g:\workdir\featureone\featureone\featurecollector2009\release\dlgmakecheckptsample.obj
g:\workdir\featureone\featureone\featurecollector2009\release\dlglinefillsetting.obj
g:\workdir\featureone\featureone\featurecollector2009\release\dlglayercodecheck.obj
g:\workdir\featureone\featureone\featurecollector2009\release\dlginputstr.obj
g:\workdir\featureone\featureone\featurecollector2009\release\dlginputname.obj
g:\workdir\featureone\featureone\featurecollector2009\release\dlginputdata.obj
g:\workdir\featureone\featureone\featurecollector2009\release\dlginputcommand.obj
g:\workdir\featureone\featureone\featurecollector2009\release\dlginputcode.obj
g:\workdir\featureone\featureone\featurecollector2009\release\dlgimportxyz.obj
g:\workdir\featureone\featureone\featurecollector2009\release\dlgimportvvt.obj
g:\workdir\featureone\featureone\featurecollector2009\release\dlgimportshp.obj
g:\workdir\featureone\featureone\featurecollector2009\release\dlgimportmdb.obj
g:\workdir\featureone\featureone\featurecollector2009\release\dlgimportjb.obj
g:\workdir\featureone\featureone\featurecollector2009\release\dlgimportfdb.obj
g:\workdir\featureone\featureone\featurecollector2009\release\dlgimporteps.obj
g:\workdir\featureone\featureone\featurecollector2009\release\dlgimporte00.obj
g:\workdir\featureone\featureone\featurecollector2009\x64\release\dlgmetainput.sbr
g:\workdir\featureone\featureone\featurecollector2009\x64\release\dlgnewgroup.sbr
g:\workdir\featureone\featureone\featurecollector2009\x64\release\dlgnewlayer.sbr
g:\workdir\featureone\featureone\featurecollector2009\x64\release\dlgnewlinetype.sbr
g:\workdir\featureone\featureone\featurecollector2009\x64\release\dlgnextlast.sbr
g:\workdir\featureone\featureone\featurecollector2009\x64\release\dlgopsettings.sbr
g:\workdir\featureone\featureone\featurecollector2009\x64\release\dlgoverlaybound.sbr
g:\workdir\featureone\featureone\featurecollector2009\x64\release\dlgoverlaygrid.sbr
g:\workdir\featureone\featureone\featurecollector2009\x64\release\dlgoverlayortho.sbr
g:\workdir\featureone\featureone\featurecollector2009\x64\release\dlgovermutiimglay.sbr
g:\workdir\featureone\featureone\featurecollector2009\x64\release\dlgparalinesetting.sbr
g:\workdir\featureone\featureone\featurecollector2009\x64\release\dlgpluginsmanage.sbr
g:\workdir\featureone\featureone\featurecollector2009\x64\release\dlgprintoption.sbr
g:\workdir\featureone\featureone\featurecollector2009\x64\release\dlgprocsymltsetting.sbr
g:\workdir\featureone\featureone\featurecollector2009\x64\release\dlgrefdatabound.sbr
g:\workdir\featureone\featureone\featurecollector2009\x64\release\dlgrefdatafile.sbr
g:\workdir\featureone\featureone\featurecollector2009\x64\release\dlgreorientation.sbr
g:\workdir\featureone\featureone\featurecollector2009\x64\release\dlgrepairptztext.sbr
g:\workdir\featureone\featureone\featurecollector2009\x64\release\dlgscale.sbr
g:\workdir\featureone\featureone\featurecollector2009\x64\release\dlgscalearcsetting.sbr
g:\workdir\featureone\featureone\featurecollector2009\release\dlgscalearcsetting.obj
g:\workdir\featureone\featureone\featurecollector2009\release\dlgscale.obj
g:\workdir\featureone\featureone\featurecollector2009\release\dlgrepairptztext.obj
g:\workdir\featureone\featureone\featurecollector2009\release\dlgreorientation.obj
g:\workdir\featureone\featureone\featurecollector2009\release\dlgrefdatafile.obj
g:\workdir\featureone\featureone\featurecollector2009\release\dlgrefdatabound.obj
g:\workdir\featureone\featureone\featurecollector2009\release\dlgprocsymltsetting.obj
g:\workdir\featureone\featureone\featurecollector2009\release\dlgprintoption.obj
g:\workdir\featureone\featureone\featurecollector2009\release\dlgpluginsmanage.obj
g:\workdir\featureone\featureone\featurecollector2009\release\dlgparalinesetting.obj
g:\workdir\featureone\featureone\featurecollector2009\release\dlgovermutiimglay.obj
g:\workdir\featureone\featureone\featurecollector2009\release\dlgoverlayortho.obj
g:\workdir\featureone\featureone\featurecollector2009\release\dlgoverlaygrid.obj
g:\workdir\featureone\featureone\featurecollector2009\release\dlgoverlaybound.obj
g:\workdir\featureone\featureone\featurecollector2009\release\dlgopsettings.obj
g:\workdir\featureone\featureone\featurecollector2009\release\dlgnextlast.obj
g:\workdir\featureone\featureone\featurecollector2009\release\dlgnewlinetype.obj
g:\workdir\featureone\featureone\featurecollector2009\release\dlgnewlayer.obj
g:\workdir\featureone\featureone\featurecollector2009\release\dlgnewgroup.obj
g:\workdir\featureone\featureone\featurecollector2009\release\dlgmetainput.obj
g:\workdir\featureone\featureone\featurecollector2009\x64\release\dlgscalecelllinesetting.sbr
g:\workdir\featureone\featureone\featurecollector2009\x64\release\dlgscalecellsetting.sbr
g:\workdir\featureone\featureone\featurecollector2009\x64\release\dlgscalechuansongdaisetting.sbr
g:\workdir\featureone\featureone\featurecollector2009\x64\release\dlgscalecranesetting.sbr
g:\workdir\featureone\featureone\featurecollector2009\x64\release\dlgscalefunnelsetting.sbr
g:\workdir\featureone\featureone\featurecollector2009\x64\release\dlgscalelinesetting.sbr
g:\workdir\featureone\featureone\featurecollector2009\x64\release\dlgscaleolddouyasettings.sbr
g:\workdir\featureone\featureone\featurecollector2009\x64\release\dlgscaleturnplatesetting.sbr
g:\workdir\featureone\featureone\featurecollector2009\x64\release\dlgscalexiepo.sbr
g:\workdir\featureone\featureone\featurecollector2009\x64\release\dlgscheme.sbr
g:\workdir\featureone\featureone\featurecollector2009\x64\release\dlgschemeconvert.sbr
g:\workdir\featureone\featureone\featurecollector2009\x64\release\dlgschemerattr.sbr
g:\workdir\featureone\featureone\featurecollector2009\x64\release\dlgsearchcheckpt.sbr
g:\workdir\featureone\featureone\featurecollector2009\x64\release\dlgsearchcodedlg.sbr
g:\workdir\featureone\featureone\featurecollector2009\x64\release\dlgsearchresult.sbr
g:\workdir\featureone\featureone\featurecollector2009\x64\release\dlgselectlayer.sbr
g:\workdir\featureone\featureone\featurecollector2009\x64\release\dlgselectpairphoto.sbr
g:\workdir\featureone\featureone\featurecollector2009\x64\release\dlgselectshift.sbr
g:\workdir\featureone\featureone\featurecollector2009\x64\release\dlgsetcolor.sbr
g:\workdir\featureone\featureone\featurecollector2009\x64\release\dlgsetheistep.sbr
g:\workdir\featureone\featureone\featurecollector2009\release\dlgsetheistep.obj
g:\workdir\featureone\featureone\featurecollector2009\release\dlgsetcolor.obj
g:\workdir\featureone\featureone\featurecollector2009\release\dlgselectshift.obj
g:\workdir\featureone\featureone\featurecollector2009\release\dlgselectpairphoto.obj
g:\workdir\featureone\featureone\featurecollector2009\release\dlgselectlayer.obj
g:\workdir\featureone\featureone\featurecollector2009\release\dlgsearchresult.obj
g:\workdir\featureone\featureone\featurecollector2009\release\dlgsearchcodedlg.obj
g:\workdir\featureone\featureone\featurecollector2009\release\dlgsearchcheckpt.obj
g:\workdir\featureone\featureone\featurecollector2009\release\dlgschemerattr.obj
g:\workdir\featureone\featureone\featurecollector2009\release\dlgschemeconvert.obj
g:\workdir\featureone\featureone\featurecollector2009\release\dlgscheme.obj
g:\workdir\featureone\featureone\featurecollector2009\release\dlgscalexiepo.obj
g:\workdir\featureone\featureone\featurecollector2009\release\dlgscaleturnplatesetting.obj
g:\workdir\featureone\featureone\featurecollector2009\release\dlgscaleolddouyasettings.obj
g:\workdir\featureone\featureone\featurecollector2009\release\dlgscalelinesetting.obj
g:\workdir\featureone\featureone\featurecollector2009\release\dlgscalefunnelsetting.obj
g:\workdir\featureone\featureone\featurecollector2009\release\dlgscalecranesetting.obj
g:\workdir\featureone\featureone\featurecollector2009\release\dlgscalechuansongdaisetting.obj
g:\workdir\featureone\featureone\featurecollector2009\release\dlgscalecellsetting.obj
g:\workdir\featureone\featureone\featurecollector2009\release\dlgscalecelllinesetting.obj
g:\workdir\featureone\featureone\featurecollector2009\x64\release\dlgsetspecialsymbol.sbr
g:\workdir\featureone\featureone\featurecollector2009\x64\release\dlgsetupgroup.sbr
g:\workdir\featureone\featureone\featurecollector2009\x64\release\dlgsetxyz.sbr
g:\workdir\featureone\featureone\featurecollector2009\x64\release\dlgstretchimg.sbr
g:\workdir\featureone\featureone\featurecollector2009\x64\release\dlgsupportgeoclassname.sbr
g:\workdir\featureone\featureone\featurecollector2009\x64\release\dlgsymbolizeflag.sbr
g:\workdir\featureone\featureone\featurecollector2009\x64\release\dlgsymboltable.sbr
g:\workdir\featureone\featureone\featurecollector2009\x64\release\dlgtestcontoursettings.sbr
g:\workdir\featureone\featureone\featurecollector2009\x64\release\dlgtidalwatersetting.sbr
g:\workdir\featureone\featureone\featurecollector2009\x64\release\dlgtip.sbr
g:\workdir\featureone\featureone\featurecollector2009\x64\release\dlgtrialmsg.sbr
g:\workdir\featureone\featureone\featurecollector2009\x64\release\dlgusedfonts.sbr
g:\workdir\featureone\featureone\featurecollector2009\x64\release\dlgwheelspeed.sbr
g:\workdir\featureone\featureone\featurecollector2009\x64\release\dlgworkspacebound.sbr
g:\workdir\featureone\featureone\featurecollector2009\x64\release\drawgraphstatic.sbr
g:\workdir\featureone\featureone\featurecollector2009\x64\release\dxfaccess.sbr
g:\workdir\featureone\featureone\featurecollector2009\x64\release\dxfconvert.sbr
g:\workdir\featureone\featureone\featurecollector2009\x64\release\editbase.sbr
g:\workdir\featureone\featureone\featurecollector2009\x64\release\editbasedoc.sbr
g:\workdir\featureone\featureone\featurecollector2009\x64\release\epsaccess.sbr
g:\workdir\featureone\featureone\featurecollector2009\release\epsaccess.obj
g:\workdir\featureone\featureone\featurecollector2009\release\editbasedoc.obj
g:\workdir\featureone\featureone\featurecollector2009\release\editbase.obj
g:\workdir\featureone\featureone\featurecollector2009\release\dxfconvert.obj
g:\workdir\featureone\featureone\featurecollector2009\release\dxfaccess.obj
g:\workdir\featureone\featureone\featurecollector2009\release\drawgraphstatic.obj
g:\workdir\featureone\featureone\featurecollector2009\release\dlgworkspacebound.obj
g:\workdir\featureone\featureone\featurecollector2009\release\dlgwheelspeed.obj
g:\workdir\featureone\featureone\featurecollector2009\release\dlgusedfonts.obj
g:\workdir\featureone\featureone\featurecollector2009\release\dlgtrialmsg.obj
g:\workdir\featureone\featureone\featurecollector2009\release\dlgtip.obj
g:\workdir\featureone\featureone\featurecollector2009\release\dlgtidalwatersetting.obj
g:\workdir\featureone\featureone\featurecollector2009\release\dlgtestcontoursettings.obj
g:\workdir\featureone\featureone\featurecollector2009\release\dlgsymboltable.obj
g:\workdir\featureone\featureone\featurecollector2009\release\dlgsymbolizeflag.obj
g:\workdir\featureone\featureone\featurecollector2009\release\dlgsupportgeoclassname.obj
g:\workdir\featureone\featureone\featurecollector2009\release\dlgstretchimg.obj
g:\workdir\featureone\featureone\featurecollector2009\release\dlgsetxyz.obj
g:\workdir\featureone\featureone\featurecollector2009\release\dlgsetupgroup.obj
g:\workdir\featureone\featureone\featurecollector2009\release\dlgsetspecialsymbol.obj
g:\workdir\featureone\featureone\featurecollector2009\x64\release\jbformatdata.sbr
g:\workdir\featureone\featureone\featurecollector2009\x64\release\mapstartext.sbr
g:\workdir\featureone\featureone\featurecollector2009\x64\release\militaryvectorfile.sbr
g:\workdir\featureone\featureone\featurecollector2009\x64\release\ftrlayerviewbar.sbr
g:\workdir\featureone\featureone\featurecollector2009\x64\release\fullscreenassist.sbr
g:\workdir\featureone\featureone\featurecollector2009\x64\release\geometryviewbar.sbr
g:\workdir\featureone\featureone\featurecollector2009\x64\release\geosurfacebooleanhandle.sbr
g:\workdir\featureone\featureone\featurecollector2009\x64\release\gfindwindows.sbr
g:\workdir\featureone\featureone\featurecollector2009\x64\release\geobuildercontour.sbr
g:\workdir\featureone\featureone\featurecollector2009\x64\release\gridcontourx.sbr
g:\workdir\featureone\featureone\featurecollector2009\x64\release\interpolatecontour.sbr
g:\workdir\featureone\featureone\featurecollector2009\x64\release\gridcell.sbr
g:\workdir\featureone\featureone\featurecollector2009\x64\release\gridcellbase.sbr
g:\workdir\featureone\featureone\featurecollector2009\x64\release\gridctrl.sbr
g:\workdir\featureone\featureone\featurecollector2009\x64\release\griddroptarget.sbr
g:\workdir\featureone\featureone\featurecollector2009\x64\release\inpedit.sbr
g:\workdir\featureone\featureone\featurecollector2009\x64\release\titletip.sbr
g:\workdir\featureone\featureone\featurecollector2009\x64\release\inplacecombo.sbr
g:\workdir\featureone\featureone\featurecollector2009\x64\release\inplaceedit.sbr
g:\workdir\featureone\featureone\featurecollector2009\x64\release\ftrsmgrdlg.sbr
g:\workdir\featureone\featureone\featurecollector2009\release\ftrsmgrdlg.obj
g:\workdir\featureone\featureone\featurecollector2009\release\inplaceedit.obj
g:\workdir\featureone\featureone\featurecollector2009\release\inplacecombo.obj
g:\workdir\featureone\featureone\featurecollector2009\release\titletip.obj
g:\workdir\featureone\featureone\featurecollector2009\release\inpedit.obj
g:\workdir\featureone\featureone\featurecollector2009\release\griddroptarget.obj
g:\workdir\featureone\featureone\featurecollector2009\release\gridctrl.obj
g:\workdir\featureone\featureone\featurecollector2009\release\gridcellbase.obj
g:\workdir\featureone\featureone\featurecollector2009\release\gridcell.obj
g:\workdir\featureone\featureone\featurecollector2009\release\interpolatecontour.obj
g:\workdir\featureone\featureone\featurecollector2009\release\gridcontourx.obj
g:\workdir\featureone\featureone\featurecollector2009\release\geobuildercontour.obj
g:\workdir\featureone\featureone\featurecollector2009\release\gfindwindows.obj
g:\workdir\featureone\featureone\featurecollector2009\release\geosurfacebooleanhandle.obj
g:\workdir\featureone\featureone\featurecollector2009\release\geometryviewbar.obj
g:\workdir\featureone\featureone\featurecollector2009\release\fullscreenassist.obj
g:\workdir\featureone\featureone\featurecollector2009\release\ftrlayerviewbar.obj
g:\workdir\featureone\featureone\featurecollector2009\release\militaryvectorfile.obj
g:\workdir\featureone\featureone\featurecollector2009\release\mapstartext.obj
g:\workdir\featureone\featureone\featurecollector2009\release\jbformatdata.obj
g:\workdir\featureone\featureone\featurecollector2009\x64\release\layersmgrdlg.sbr
g:\workdir\featureone\featureone\featurecollector2009\x64\release\lvlcolorbutton.sbr
g:\workdir\featureone\featureone\featurecollector2009\x64\release\proplist.sbr
g:\workdir\featureone\featureone\featurecollector2009\x64\release\treectrl.sbr
g:\workdir\featureone\featureone\featurecollector2009\x64\release\listfile.sbr
g:\workdir\featureone\featureone\featurecollector2009\x64\release\lvlcolorbutton0.sbr
g:\workdir\featureone\featureone\featurecollector2009\x64\release\mainfrm.sbr
g:\workdir\featureone\featureone\featurecollector2009\x64\release\mapdecoratedlg.sbr
g:\workdir\featureone\featureone\featurecollector2009\x64\release\mapdecorator.sbr
g:\workdir\featureone\featureone\featurecollector2009\x64\release\markvectlayer.sbr
g:\workdir\featureone\featureone\featurecollector2009\x64\release\mergetree.sbr
g:\workdir\featureone\featureone\featurecollector2009\x64\release\bufparser.sbr
g:\workdir\featureone\featureone\featurecollector2009\x64\release\cursorfile.sbr
g:\workdir\featureone\featureone\featurecollector2009\x64\release\ftrparser.sbr
g:\workdir\featureone\featureone\featurecollector2009\x64\release\geomparser.sbr
g:\workdir\featureone\featureone\featurecollector2009\x64\release\msgsender.sbr
g:\workdir\featureone\featureone\featurecollector2009\x64\release\osgbdoc.sbr
g:\workdir\featureone\featureone\featurecollector2009\x64\release\osgbvecview.sbr
g:\workdir\featureone\featureone\featurecollector2009\x64\release\osgbview.sbr
g:\workdir\featureone\featureone\featurecollector2009\x64\release\osgcoordcenter.sbr
g:\workdir\featureone\featureone\featurecollector2009\release\osgcoordcenter.obj
g:\workdir\featureone\featureone\featurecollector2009\release\osgbview.obj
g:\workdir\featureone\featureone\featurecollector2009\release\osgbvecview.obj
g:\workdir\featureone\featureone\featurecollector2009\release\osgbdoc.obj
g:\workdir\featureone\featureone\featurecollector2009\release\msgsender.obj
g:\workdir\featureone\featureone\featurecollector2009\release\geomparser.obj
g:\workdir\featureone\featureone\featurecollector2009\release\ftrparser.obj
g:\workdir\featureone\featureone\featurecollector2009\release\cursorfile.obj
g:\workdir\featureone\featureone\featurecollector2009\release\bufparser.obj
g:\workdir\featureone\featureone\featurecollector2009\release\mergetree.obj
g:\workdir\featureone\featureone\featurecollector2009\release\markvectlayer.obj
g:\workdir\featureone\featureone\featurecollector2009\release\mapdecorator.obj
g:\workdir\featureone\featureone\featurecollector2009\release\mapdecoratedlg.obj
g:\workdir\featureone\featureone\featurecollector2009\release\mainfrm.obj
g:\workdir\featureone\featureone\featurecollector2009\release\lvlcolorbutton0.obj
g:\workdir\featureone\featureone\featurecollector2009\release\listfile.obj
g:\workdir\featureone\featureone\featurecollector2009\release\treectrl.obj
g:\workdir\featureone\featureone\featurecollector2009\release\proplist.obj
g:\workdir\featureone\featureone\featurecollector2009\release\lvlcolorbutton.obj
g:\workdir\featureone\featureone\featurecollector2009\release\layersmgrdlg.obj
g:\workdir\featureone\featureone\featurecollector2009\x64\release\overridecutpartcmd.sbr
g:\workdir\featureone\featureone\featurecollector2009\x64\release\overrideeditvertcmd.sbr
g:\workdir\featureone\featureone\featurecollector2009\x64\release\overrideinsertvertcmd.sbr
g:\workdir\featureone\featureone\featurecollector2009\x64\release\overridereplacelinecmd.sbr
g:\workdir\featureone\featureone\featurecollector2009\x64\release\overridmatchvertcmd.sbr
g:\workdir\featureone\featureone\featurecollector2009\x64\release\overridtrimcontourcmd.sbr
g:\workdir\featureone\featureone\featurecollector2009\x64\release\qcomm.sbr
g:\workdir\featureone\featureone\featurecollector2009\x64\release\showimgdlg.sbr
g:\workdir\featureone\featureone\featurecollector2009\x64\release\simple_app.sbr
g:\workdir\featureone\featureone\featurecollector2009\x64\release\simple_handler.sbr
g:\workdir\featureone\featureone\featurecollector2009\x64\release\simple_handler_win.sbr
g:\workdir\featureone\featureone\featurecollector2009\x64\release\v8jshandler.sbr
g:\workdir\featureone\featureone\featurecollector2009\x64\release\mrufile.sbr
g:\workdir\featureone\featureone\featurecollector2009\x64\release\multicombo.sbr
g:\workdir\featureone\featureone\featurecollector2009\x64\release\myproplist.sbr
g:\workdir\featureone\featureone\featurecollector2009\x64\release\gridcellcombo.sbr
g:\workdir\featureone\featureone\featurecollector2009\x64\release\opsettingtoolbar.sbr
g:\workdir\featureone\featureone\featurecollector2009\x64\release\optionsdlg.sbr
g:\workdir\featureone\featureone\featurecollector2009\x64\release\optionspages.sbr
g:\workdir\featureone\featureone\featurecollector2009\x64\release\op_page_doc_path.sbr
g:\workdir\featureone\featureone\featurecollector2009\release\op_page_doc_path.obj
g:\workdir\featureone\featureone\featurecollector2009\release\optionspages.obj
g:\workdir\featureone\featureone\featurecollector2009\release\optionsdlg.obj
g:\workdir\featureone\featureone\featurecollector2009\release\opsettingtoolbar.obj
g:\workdir\featureone\featureone\featurecollector2009\release\gridcellcombo.obj
g:\workdir\featureone\featureone\featurecollector2009\release\myproplist.obj
g:\workdir\featureone\featureone\featurecollector2009\release\multicombo.obj
g:\workdir\featureone\featureone\featurecollector2009\release\mrufile.obj
g:\workdir\featureone\featureone\featurecollector2009\release\v8jshandler.obj
g:\workdir\featureone\featureone\featurecollector2009\release\simple_handler_win.obj
g:\workdir\featureone\featureone\featurecollector2009\release\simple_handler.obj
g:\workdir\featureone\featureone\featurecollector2009\release\simple_app.obj
g:\workdir\featureone\featureone\featurecollector2009\release\showimgdlg.obj
g:\workdir\featureone\featureone\featurecollector2009\release\qcomm.obj
g:\workdir\featureone\featureone\featurecollector2009\release\overridtrimcontourcmd.obj
g:\workdir\featureone\featureone\featurecollector2009\release\overridmatchvertcmd.obj
g:\workdir\featureone\featureone\featurecollector2009\release\overridereplacelinecmd.obj
g:\workdir\featureone\featureone\featurecollector2009\release\overrideinsertvertcmd.obj
g:\workdir\featureone\featureone\featurecollector2009\release\overrideeditvertcmd.obj
g:\workdir\featureone\featureone\featurecollector2009\release\overridecutpartcmd.obj
g:\workdir\featureone\featureone\featurecollector2009\x64\release\op_page_qt1.sbr
g:\workdir\featureone\featureone\featurecollector2009\x64\release\op_page_qt2.sbr
g:\workdir\featureone\featureone\featurecollector2009\x64\release\op_page_qt3.sbr
g:\workdir\featureone\featureone\featurecollector2009\x64\release\ori.sbr
g:\workdir\featureone\featureone\featurecollector2009\x64\release\osgrealtimeveclayer.sbr
g:\workdir\featureone\featureone\featurecollector2009\x64\release\outputviewbar.sbr
g:\workdir\featureone\featureone\featurecollector2009\x64\release\overriderealtimevectlayer.sbr
g:\workdir\featureone\featureone\featurecollector2009\x64\release\oxtooltipctrl.sbr
g:\workdir\featureone\featureone\featurecollector2009\x64\release\plugfunc.sbr
g:\workdir\featureone\featureone\featurecollector2009\x64\release\pluginaccess.sbr
g:\workdir\featureone\featureone\featurecollector2009\x64\release\polygonbooleanhander.sbr
g:\workdir\featureone\featureone\featurecollector2009\x64\release\polygonwork.sbr
g:\workdir\featureone\featureone\featurecollector2009\x64\release\projectviewbar.sbr
g:\workdir\featureone\featureone\featurecollector2009\x64\release\propertiesviewbar.sbr
g:\workdir\featureone\featureone\featurecollector2009\x64\release\propertyfilebaseinfopage.sbr
g:\workdir\featureone\featureone\featurecollector2009\x64\release\propertystatinfopage.sbr
g:\workdir\featureone\featureone\featurecollector2009\x64\release\propertysummarypage.sbr
g:\workdir\featureone\featureone\featurecollector2009\x64\release\propertyuserdefinepage.sbr
g:\workdir\featureone\featureone\featurecollector2009\x64\release\proplist0.sbr
g:\workdir\featureone\featureone\featurecollector2009\x64\release\querymenu.sbr
g:\workdir\featureone\featureone\featurecollector2009\release\querymenu.obj
g:\workdir\featureone\featureone\featurecollector2009\release\proplist0.obj
g:\workdir\featureone\featureone\featurecollector2009\release\propertyuserdefinepage.obj
g:\workdir\featureone\featureone\featurecollector2009\release\propertysummarypage.obj
g:\workdir\featureone\featureone\featurecollector2009\release\propertystatinfopage.obj
g:\workdir\featureone\featureone\featurecollector2009\release\propertyfilebaseinfopage.obj
g:\workdir\featureone\featureone\featurecollector2009\release\propertiesviewbar.obj
g:\workdir\featureone\featureone\featurecollector2009\release\projectviewbar.obj
g:\workdir\featureone\featureone\featurecollector2009\release\polygonwork.obj
g:\workdir\featureone\featureone\featurecollector2009\release\polygonbooleanhander.obj
g:\workdir\featureone\featureone\featurecollector2009\release\pluginaccess.obj
g:\workdir\featureone\featureone\featurecollector2009\release\plugfunc.obj
g:\workdir\featureone\featureone\featurecollector2009\release\oxtooltipctrl.obj
g:\workdir\featureone\featureone\featurecollector2009\release\overriderealtimevectlayer.obj
g:\workdir\featureone\featureone\featurecollector2009\release\outputviewbar.obj
g:\workdir\featureone\featureone\featurecollector2009\release\osgrealtimeveclayer.obj
g:\workdir\featureone\featureone\featurecollector2009\release\ori.obj
g:\workdir\featureone\featureone\featurecollector2009\release\op_page_qt3.obj
g:\workdir\featureone\featureone\featurecollector2009\release\op_page_qt2.obj
g:\workdir\featureone\featureone\featurecollector2009\release\op_page_qt1.obj
g:\workdir\featureone\featureone\featurecollector2009\x64\release\radiolistbox.sbr
g:\workdir\featureone\featureone\featurecollector2009\x64\release\realtimevectlayer.sbr
g:\workdir\featureone\featureone\featurecollector2009\x64\release\recentcmd.sbr
g:\workdir\featureone\featureone\featurecollector2009\x64\release\schememerge.sbr
g:\workdir\featureone\featureone\featurecollector2009\x64\release\schemepropertycopy.sbr
g:\workdir\featureone\featureone\featurecollector2009\x64\release\silenceddx.sbr
g:\workdir\featureone\featureone\featurecollector2009\x64\release\singlephotostereoview.sbr
g:\workdir\featureone\featureone\featurecollector2009\x64\release\sm_domdecryption.sbr
g:\workdir\featureone\featureone\featurecollector2009\x64\release\stereoframe.sbr
g:\workdir\featureone\featureone\featurecollector2009\x64\release\stereoparamfile.sbr
g:\workdir\featureone\featureone\featurecollector2009\x64\release\stereoview.sbr
g:\workdir\featureone\featureone\featurecollector2009\x64\release\testvectorbar.sbr
g:\workdir\featureone\featureone\featurecollector2009\x64\release\tin.sbr
g:\workdir\featureone\featureone\featurecollector2009\x64\release\tinhandler.sbr
g:\workdir\featureone\featureone\featurecollector2009\x64\release\triangle.sbr
g:\workdir\featureone\featureone\featurecollector2009\x64\release\treectrlex.sbr
g:\workdir\featureone\featureone\featurecollector2009\x64\release\uifpropex.sbr
g:\workdir\featureone\featureone\featurecollector2009\x64\release\uifproplistex.sbr
g:\workdir\featureone\featureone\featurecollector2009\x64\release\usercustomtoolbar.sbr
g:\workdir\featureone\featureone\featurecollector2009\x64\release\uifboolprop.sbr
g:\workdir\featureone\featureone\featurecollector2009\release\uifboolprop.obj
g:\workdir\featureone\featureone\featurecollector2009\release\usercustomtoolbar.obj
g:\workdir\featureone\featureone\featurecollector2009\release\uifproplistex.obj
g:\workdir\featureone\featureone\featurecollector2009\release\uifpropex.obj
g:\workdir\featureone\featureone\featurecollector2009\release\treectrlex.obj
g:\workdir\featureone\featureone\featurecollector2009\release\triangle.obj
g:\workdir\featureone\featureone\featurecollector2009\release\tinhandler.obj
g:\workdir\featureone\featureone\featurecollector2009\release\tin.obj
g:\workdir\featureone\featureone\featurecollector2009\release\testvectorbar.obj
g:\workdir\featureone\featureone\featurecollector2009\release\stereoview.obj
g:\workdir\featureone\featureone\featurecollector2009\release\stereoparamfile.obj
g:\workdir\featureone\featureone\featurecollector2009\release\stereoframe.obj
g:\workdir\featureone\featureone\featurecollector2009\release\sm_domdecryption.obj
g:\workdir\featureone\featureone\featurecollector2009\release\singlephotostereoview.obj
g:\workdir\featureone\featureone\featurecollector2009\release\silenceddx.obj
g:\workdir\featureone\featureone\featurecollector2009\release\schemepropertycopy.obj
g:\workdir\featureone\featureone\featurecollector2009\release\schememerge.obj
g:\workdir\featureone\featureone\featurecollector2009\release\recentcmd.obj
g:\workdir\featureone\featureone\featurecollector2009\release\realtimevectlayer.obj
g:\workdir\featureone\featureone\featurecollector2009\release\radiolistbox.obj
g:\workdir\featureone\featureone\featurecollector2009\x64\release\uifbylayercolorprop.sbr
g:\workdir\featureone\featureone\featurecollector2009\x64\release\uiffiledialogex.sbr
g:\workdir\featureone\featureone\featurecollector2009\x64\release\uiflayerprop.sbr
g:\workdir\featureone\featureone\featurecollector2009\x64\release\uifproplistexplus.sbr
g:\workdir\featureone\featureone\featurecollector2009\x64\release\uifstatusbarex.sbr
g:\workdir\featureone\featureone\featurecollector2009\x64\release\uiftoolbarcomboboxbuttonex.sbr
g:\workdir\featureone\featureone\featurecollector2009\x64\release\undobar.sbr
g:\workdir\featureone\featureone\featurecollector2009\x64\release\undolistbox.sbr
g:\workdir\featureone\featureone\featurecollector2009\x64\release\vectorview_ep.sbr
g:\workdir\featureone\featureone\featurecollector2009\x64\release\vectorview_ex.sbr
g:\workdir\featureone\featureone\featurecollector2009\x64\release\vectorview_gl.sbr
g:\workdir\featureone\featureone\featurecollector2009\x64\release\vectorview_new.sbr
g:\workdir\featureone\featureone\featurecollector2009\x64\release\viewimgposition.sbr
g:\workdir\featureone\featureone\featurecollector2009\x64\release\visualmodelmapctrl.sbr
g:\workdir\featureone\featureone\featurecollector2009\x64\release\vvtaccess.sbr
g:\workdir\featureone\featureone\featurecollector2009\x64\release\xfiledialog.sbr
g:\workdir\featureone\featureone\featurecollector2009\x64\release\xmlaccess.sbr
g:\workdir\featureone\featureone\featurecollector2009\release\xmlaccess.obj
g:\workdir\featureone\featureone\featurecollector2009\release\xfiledialog.obj
g:\workdir\featureone\featureone\featurecollector2009\release\vvtaccess.obj
g:\workdir\featureone\featureone\featurecollector2009\release\visualmodelmapctrl.obj
g:\workdir\featureone\featureone\featurecollector2009\release\viewimgposition.obj
g:\workdir\featureone\featureone\featurecollector2009\release\vectorview_new.obj
g:\workdir\featureone\featureone\featurecollector2009\release\vectorview_gl.obj
g:\workdir\featureone\featureone\featurecollector2009\release\vectorview_ex.obj
g:\workdir\featureone\featureone\featurecollector2009\release\vectorview_ep.obj
g:\workdir\featureone\featureone\featurecollector2009\release\undolistbox.obj
g:\workdir\featureone\featureone\featurecollector2009\release\undobar.obj
g:\workdir\featureone\featureone\featurecollector2009\release\uiftoolbarcomboboxbuttonex.obj
g:\workdir\featureone\featureone\featurecollector2009\release\uifstatusbarex.obj
g:\workdir\featureone\featureone\featurecollector2009\release\uifproplistexplus.obj
g:\workdir\featureone\featureone\featurecollector2009\release\uiflayerprop.obj
g:\workdir\featureone\featureone\featurecollector2009\release\uiffiledialogex.obj
g:\workdir\featureone\featureone\featurecollector2009\release\uifbylayercolorprop.obj
g:\workdir\featureone\featureone\featurecollector2009\x64\release\pickpixelcontrol.sbr
g:\workdir\featureone\featureone\featurecollector2009\x64\release\pickpixelvirtualcontrol.sbr
g:\workdir\featureone\featureone\featurecollector2009\x64\release\virtualwindow.sbr
g:\workdir\featureone\featureone\featurecollector2009\x64\release\virtualwindowresourcemanager.sbr
g:\workdir\featureone\featureone\featurecollector2009\release\virtualwindowresourcemanager.obj
g:\workdir\featureone\featureone\featurecollector2009\release\virtualwindow.obj
g:\workdir\featureone\featureone\featurecollector2009\release\pickpixelvirtualcontrol.obj
g:\workdir\featureone\featureone\featurecollector2009\release\pickpixelcontrol.obj
g:\workdir\featureone\featureone\featurecollector2009\release\featurecollector2009.pch
g:\workdir\featureone\featureone\featurecollector2009\x64\release\stdafx.sbr
g:\workdir\featureone\featureone\featurecollector2009\release\stdafx.obj
g:\workdir\featureone\featureone\featurecollector2009\x64\release\e00io.sbr
g:\workdir\featureone\featureone\featurecollector2009\release\e00io.obj
g:\workdir\featureone\featureone\featurecollector2009\x64\release\dbfopen.sbr
g:\workdir\featureone\featureone\featurecollector2009\x64\release\shpopen.sbr
g:\workdir\featureone\featureone\featurecollector2009\release\shpopen.obj
g:\workdir\featureone\featureone\featurecollector2009\release\dbfopen.obj
g:\workdir\featureone\featureone\featurecollector2009\x64\release\dlglayervisible.sbr
g:\workdir\featureone\featureone\featurecollector2009\release\dlglayervisible.obj
g:\workdir\featureone\featureone\featurecollector2009\x64\release\dlgxattributes.sbr
g:\workdir\featureone\featureone\featurecollector2009\release\dlgxattributes.obj
g:\workdir\featureone\bin_featureone\featureone.lib
g:\workdir\featureone\bin_featureone\featureone.exp
g:\workdir\featureone\bin_featureone\featureone.exe
g:\workdir\featureone\bin_featureone\featureone.pdb
g:\workdir\featureone\featureone\featurecollector2009\x64\release\featurecollector2009.res
g:\workdir\featureone\featureone\featurecollector2009\..\..\bin_featureone\featureone.exe
g:\workdir\featureone\featureone\featurecollector2009\x64\release\featurec.30b2a634.tlog\bscmake.command.1.tlog
g:\workdir\featureone\featureone\featurecollector2009\x64\release\featurec.30b2a634.tlog\bscmake.read.1.tlog
g:\workdir\featureone\featureone\featurecollector2009\x64\release\featurec.30b2a634.tlog\bscmake.write.1.tlog
g:\workdir\featureone\featureone\featurecollector2009\x64\release\featurec.30b2a634.tlog\cl.command.1.tlog
g:\workdir\featureone\featureone\featurecollector2009\x64\release\featurec.30b2a634.tlog\cl.read.1.tlog
g:\workdir\featureone\featureone\featurecollector2009\x64\release\featurec.30b2a634.tlog\cl.write.1.tlog
g:\workdir\featureone\featureone\featurecollector2009\x64\release\featurec.30b2a634.tlog\featurecollector2009.write.1u.tlog
g:\workdir\featureone\featureone\featurecollector2009\x64\release\featurec.30b2a634.tlog\link.command.1.tlog
g:\workdir\featureone\featureone\featurecollector2009\x64\release\featurec.30b2a634.tlog\link.read.1.tlog
g:\workdir\featureone\featureone\featurecollector2009\x64\release\featurec.30b2a634.tlog\link.write.1.tlog
g:\workdir\featureone\featureone\featurecollector2009\x64\release\featurec.30b2a634.tlog\rc.command.1.tlog
g:\workdir\featureone\featureone\featurecollector2009\x64\release\featurec.30b2a634.tlog\rc.read.1.tlog
g:\workdir\featureone\featureone\featurecollector2009\x64\release\featurec.30b2a634.tlog\rc.write.1.tlog
